<?xml version="1.0" encoding="UTF-8"?>
<!-- Generated by org.testng.reporters.JUnitXMLReporter -->
<testsuite ignored="0" hostname="DESKTOP-48PSKCA" failures="0" tests="18" name="Default test" time="16.106" errors="0" timestamp="2023-07-03T17:14:05 IST">
  <testcase classname="GitHubRepos.Repositories" name="Create_Repo" time="4.525"/>
  <testcase classname="GitHubRepos.Repositories" name="List_Fork" time="0.619"/>
  <testcase classname="GitHubRepos.Repositories" name="Get_Repo" time="0.543"/>
  <testcase classname="GitHubRepos.Repositories" name="Update_Repo" time="0.724"/>
  <testcase classname="GitHubRepos.Repositories" name="Create_Fork" time="0.619"/>
  <testcase classname="GitHubRepos.Repositories" name="List_Repos" time="0.674"/>
  <testcase classname="GitHubRepos.Repositories" name="List_Repo_Languages" time="0.463"/>
  <testcase classname="GitHubRepos.Repositories" name="List_Public_Repos" time="1.074"/>
  <testcase classname="GitHubRepos.Repositories" name="Create_File" time="1.532"/>
  <testcase classname="GitHubRepos.Repositories" name="Update_File" time="0.664"/>
  <testcase classname="GitHubRepos.Repositories" name="Delete_File" time="0.455"/>
  <testcase classname="GitHubRepos.Repositories" name="List_Repo_Tags" time="0.465"/>
  <testcase classname="GitHubRepos.Repositories" name="Create_Autolink_Ref" time="0.505"/>
  <testcase classname="GitHubRepos.Repositories" name="Get_Repo_Topics" time="0.507"/>
  <testcase classname="GitHubRepos.Repositories" name="Get_Autolink_Ref" time="0.461"/>
  <testcase classname="GitHubRepos.Repositories" name="Delete_Autolink_Ref" time="0.536"/>
  <testcase classname="GitHubRepos.Repositories" name="Replace_Repo_Topics" time="0.841"/>
  <testcase classname="GitHubRepos.Repositories" name="Delete_Repo" time="0.659"/>
</testsuite> <!-- Default test -->
