<?xml version="1.0" encoding="UTF-8"?>
<!-- Generated by org.testng.reporters.JUnitXMLReporter -->
<testsuite ignored="0" hostname="DESKTOP-48PSKCA" failures="0" tests="18" name="Test" time="17.094" errors="0" timestamp="2023-07-03T17:19:50 IST">
  <testcase classname="GitHubRepos.Repositories" name="Create_Repo" time="5.117"/>
  <testcase classname="GitHubRepos.Repositories" name="List_Fork" time="0.648"/>
  <testcase classname="GitHubRepos.Repositories" name="Get_Repo" time="0.522"/>
  <testcase classname="GitHubRepos.Repositories" name="Update_Repo" time="0.744"/>
  <testcase classname="GitHubRepos.Repositories" name="Create_Fork" time="0.687"/>
  <testcase classname="GitHubRepos.Repositories" name="List_Repos" time="0.708"/>
  <testcase classname="GitHubRepos.Repositories" name="List_Repo_Languages" time="0.435"/>
  <testcase classname="GitHubRepos.Repositories" name="List_Public_Repos" time="1.157"/>
  <testcase classname="GitHubRepos.Repositories" name="Create_File" time="1.57"/>
  <testcase classname="GitHubRepos.Repositories" name="Update_File" time="0.615"/>
  <testcase classname="GitHubRepos.Repositories" name="Delete_File" time="0.49"/>
  <testcase classname="GitHubRepos.Repositories" name="List_Repo_Tags" time="0.469"/>
  <testcase classname="GitHubRepos.Repositories" name="Create_Autolink_Ref" time="0.595"/>
  <testcase classname="GitHubRepos.Repositories" name="Get_Repo_Topics" time="0.567"/>
  <testcase classname="GitHubRepos.Repositories" name="Get_Autolink_Ref" time="0.458"/>
  <testcase classname="GitHubRepos.Repositories" name="Delete_Autolink_Ref" time="0.513"/>
  <testcase classname="GitHubRepos.Repositories" name="Replace_Repo_Topics" time="0.82"/>
  <testcase classname="GitHubRepos.Repositories" name="Delete_Repo" time="0.721"/>
</testsuite> <!-- Test -->
