<?xml version="1.0" encoding="UTF-8"?>
<testng-results ignored="0" total="18" passed="18" failed="0" skipped="0">
  <reporter-output>
  </reporter-output>
  <suite started-at="2023-07-03T17:19:33 IST" name="Suite" finished-at="2023-07-03T17:19:50 IST" duration-ms="17094">
    <groups>
    </groups>
    <test started-at="2023-07-03T17:19:33 IST" name="Test" finished-at="2023-07-03T17:19:50 IST" duration-ms="17094">
      <class name="GitHubRepos.Repositories">
        <test-method signature="Create_Repo()[pri:0, instance:GitHubRepos.Repositories@449a4f23]" started-at="2023-07-03T17:19:33 IST" name="Create_Repo" finished-at="2023-07-03T17:19:38 IST" duration-ms="5117" status="PASS">
          <reporter-output>
          </reporter-output>
        </test-method> <!-- Create_Repo -->
        <test-method signature="List_Fork()[pri:0, instance:GitHubRepos.Repositories@449a4f23]" started-at="2023-07-03T17:19:38 IST" name="List_Fork" finished-at="2023-07-03T17:19:39 IST" duration-ms="648" status="PASS">
          <reporter-output>
          </reporter-output>
        </test-method> <!-- List_Fork -->
        <test-method signature="Get_Repo()[pri:1, instance:GitHubRepos.Repositories@449a4f23]" started-at="2023-07-03T17:19:39 IST" name="Get_Repo" finished-at="2023-07-03T17:19:39 IST" duration-ms="522" status="PASS">
          <reporter-output>
          </reporter-output>
        </test-method> <!-- Get_Repo -->
        <test-method signature="Update_Repo()[pri:2, instance:GitHubRepos.Repositories@449a4f23]" started-at="2023-07-03T17:19:39 IST" name="Update_Repo" finished-at="2023-07-03T17:19:40 IST" duration-ms="744" status="PASS">
          <reporter-output>
          </reporter-output>
        </test-method> <!-- Update_Repo -->
        <test-method signature="Create_Fork()[pri:3, instance:GitHubRepos.Repositories@449a4f23]" started-at="2023-07-03T17:19:40 IST" name="Create_Fork" finished-at="2023-07-03T17:19:41 IST" duration-ms="687" status="PASS">
          <reporter-output>
          </reporter-output>
        </test-method> <!-- Create_Fork -->
        <test-method signature="List_Repos()[pri:4, instance:GitHubRepos.Repositories@449a4f23]" started-at="2023-07-03T17:19:41 IST" name="List_Repos" finished-at="2023-07-03T17:19:41 IST" duration-ms="708" status="PASS">
          <reporter-output>
          </reporter-output>
        </test-method> <!-- List_Repos -->
        <test-method signature="List_Repo_Languages()[pri:5, instance:GitHubRepos.Repositories@449a4f23]" started-at="2023-07-03T17:19:41 IST" name="List_Repo_Languages" finished-at="2023-07-03T17:19:42 IST" duration-ms="435" status="PASS">
          <reporter-output>
          </reporter-output>
        </test-method> <!-- List_Repo_Languages -->
        <test-method signature="List_Public_Repos()[pri:6, instance:GitHubRepos.Repositories@449a4f23]" started-at="2023-07-03T17:19:42 IST" name="List_Public_Repos" finished-at="2023-07-03T17:19:43 IST" duration-ms="1157" status="PASS">
          <reporter-output>
          </reporter-output>
        </test-method> <!-- List_Public_Repos -->
        <test-method signature="Create_File()[pri:7, instance:GitHubRepos.Repositories@449a4f23]" started-at="2023-07-03T17:19:43 IST" name="Create_File" finished-at="2023-07-03T17:19:44 IST" duration-ms="1570" status="PASS">
          <reporter-output>
          </reporter-output>
        </test-method> <!-- Create_File -->
        <test-method signature="Update_File()[pri:8, instance:GitHubRepos.Repositories@449a4f23]" started-at="2023-07-03T17:19:45 IST" name="Update_File" finished-at="2023-07-03T17:19:45 IST" duration-ms="615" status="PASS">
          <reporter-output>
          </reporter-output>
        </test-method> <!-- Update_File -->
        <test-method signature="Delete_File()[pri:9, instance:GitHubRepos.Repositories@449a4f23]" started-at="2023-07-03T17:19:45 IST" name="Delete_File" finished-at="2023-07-03T17:19:46 IST" duration-ms="490" status="PASS">
          <reporter-output>
          </reporter-output>
        </test-method> <!-- Delete_File -->
        <test-method signature="List_Repo_Tags()[pri:10, instance:GitHubRepos.Repositories@449a4f23]" started-at="2023-07-03T17:19:46 IST" name="List_Repo_Tags" finished-at="2023-07-03T17:19:46 IST" duration-ms="469" status="PASS">
          <reporter-output>
          </reporter-output>
        </test-method> <!-- List_Repo_Tags -->
        <test-method signature="Create_Autolink_Ref()[pri:11, instance:GitHubRepos.Repositories@449a4f23]" started-at="2023-07-03T17:19:46 IST" name="Create_Autolink_Ref" finished-at="2023-07-03T17:19:47 IST" duration-ms="595" status="PASS">
          <reporter-output>
          </reporter-output>
        </test-method> <!-- Create_Autolink_Ref -->
        <test-method signature="Get_Repo_Topics()[pri:12, instance:GitHubRepos.Repositories@449a4f23]" started-at="2023-07-03T17:19:47 IST" name="Get_Repo_Topics" finished-at="2023-07-03T17:19:47 IST" duration-ms="567" status="PASS">
          <reporter-output>
          </reporter-output>
        </test-method> <!-- Get_Repo_Topics -->
        <test-method signature="Get_Autolink_Ref()[pri:13, instance:GitHubRepos.Repositories@449a4f23]" started-at="2023-07-03T17:19:47 IST" name="Get_Autolink_Ref" finished-at="2023-07-03T17:19:48 IST" duration-ms="458" status="PASS">
          <reporter-output>
          </reporter-output>
        </test-method> <!-- Get_Autolink_Ref -->
        <test-method signature="Delete_Autolink_Ref()[pri:14, instance:GitHubRepos.Repositories@449a4f23]" started-at="2023-07-03T17:19:48 IST" name="Delete_Autolink_Ref" finished-at="2023-07-03T17:19:48 IST" duration-ms="513" status="PASS">
          <reporter-output>
          </reporter-output>
        </test-method> <!-- Delete_Autolink_Ref -->
        <test-method signature="Replace_Repo_Topics()[pri:15, instance:GitHubRepos.Repositories@449a4f23]" started-at="2023-07-03T17:19:48 IST" name="Replace_Repo_Topics" finished-at="2023-07-03T17:19:49 IST" duration-ms="820" status="PASS">
          <reporter-output>
          </reporter-output>
        </test-method> <!-- Replace_Repo_Topics -->
        <test-method signature="Delete_Repo()[pri:16, instance:GitHubRepos.Repositories@449a4f23]" started-at="2023-07-03T17:19:49 IST" name="Delete_Repo" finished-at="2023-07-03T17:19:50 IST" duration-ms="721" status="PASS">
          <reporter-output>
          </reporter-output>
        </test-method> <!-- Delete_Repo -->
      </class> <!-- GitHubRepos.Repositories -->
    </test> <!-- Test -->
  </suite> <!-- Suite -->
</testng-results>
